{"/home/ubuntu/o2xp/react-datatable/src/index.js": {"path":"/home/ubuntu/o2xp/react-datatable/src/index.js","statementMap":{"0":{"start":{"line":6,"column":27},"end":{"line":23,"column":3}},"1":{"start":{"line":11,"column":2},"end":{"line":23,"column":3}},"2":{"start":{"line":13,"column":6},"end":{"line":13,"column":19}},"3":{"start":{"line":16,"column":24},"end":{"line":16,"column":34}},"4":{"start":{"line":17,"column":6},"end":{"line":21,"column":8}}},"fnMap":{"0":{"name":"(anonymous_0)","decl":{"start":{"line":6,"column":27},"end":{"line":6,"column":28}},"loc":{"start":{"line":11,"column":2},"end":{"line":23,"column":3}},"line":11},"1":{"name":"(anonymous_1)","decl":{"start":{"line":12,"column":4},"end":{"line":12,"column":5}},"loc":{"start":{"line":12,"column":23},"end":{"line":14,"column":5}},"line":12},"2":{"name":"(anonymous_2)","decl":{"start":{"line":15,"column":4},"end":{"line":15,"column":5}},"loc":{"start":{"line":15,"column":13},"end":{"line":22,"column":5}},"line":15}},"branchMap":{"0":{"loc":{"start":{"line":7,"column":2},"end":{"line":7,"column":23}},"type":"default-arg","locations":[{"start":{"line":7,"column":19},"end":{"line":7,"column":23}}],"line":7},"1":{"loc":{"start":{"line":8,"column":2},"end":{"line":8,"column":23}},"type":"default-arg","locations":[{"start":{"line":8,"column":19},"end":{"line":8,"column":23}}],"line":8},"2":{"loc":{"start":{"line":9,"column":2},"end":{"line":9,"column":23}},"type":"default-arg","locations":[{"start":{"line":9,"column":19},"end":{"line":9,"column":23}}],"line":9}},"s":{"0":0,"1":0,"2":0,"3":0,"4":0},"f":{"0":0,"1":0,"2":0},"b":{"0":[0],"1":[0],"2":[0]}}
,"/home/ubuntu/o2xp/react-datatable/src/components/DatatableBuilder.js": {"path":"/home/ubuntu/o2xp/react-datatable/src/components/DatatableBuilder.js","statementMap":{"0":{"start":{"line":10,"column":21},"end":{"line":10,"column":31}},"1":{"start":{"line":11,"column":4},"end":{"line":23,"column":6}},"2":{"start":{"line":27,"column":0},"end":{"line":29,"column":2}},"3":{"start":{"line":31,"column":24},"end":{"line":35,"column":1}},"4":{"start":{"line":32,"column":2},"end":{"line":34,"column":4}}},"fnMap":{"0":{"name":"(anonymous_0)","decl":{"start":{"line":9,"column":2},"end":{"line":9,"column":3}},"loc":{"start":{"line":9,"column":11},"end":{"line":24,"column":3}},"line":9},"1":{"name":"(anonymous_1)","decl":{"start":{"line":31,"column":24},"end":{"line":31,"column":25}},"loc":{"start":{"line":31,"column":33},"end":{"line":35,"column":1}},"line":31}},"branchMap":{"0":{"loc":{"start":{"line":13,"column":9},"end":{"line":18,"column":9}},"type":"binary-expr","locations":[{"start":{"line":13,"column":9},"end":{"line":13,"column":32}},{"start":{"line":13,"column":36},"end":{"line":13,"column":56}},{"start":{"line":14,"column":10},"end":{"line":17,"column":18}}],"line":13},"1":{"loc":{"start":{"line":19,"column":9},"end":{"line":21,"column":9}},"type":"binary-expr","locations":[{"start":{"line":19,"column":10},"end":{"line":19,"column":35}},{"start":{"line":19,"column":39},"end":{"line":19,"column":61}},{"start":{"line":20,"column":10},"end":{"line":20,"column":54}}],"line":19}},"s":{"0":4,"1":4,"2":2,"3":2,"4":4},"f":{"0":4,"1":4},"b":{"0":[4,2,2],"1":[4,2,2]},"_coverageSchema":"43e27e138ebf9cfc5966b082cf9a028302ed4184","hash":"495a82dcba0947a6ebc2dcf76c73db7135bdbca1"}
,"/home/ubuntu/o2xp/react-datatable/src/components/DatatableInitializer.js": {"path":"/home/ubuntu/o2xp/react-datatable/src/components/DatatableInitializer.js","statementMap":{"0":{"start":{"line":13,"column":4},"end":{"line":13,"column":17}},"1":{"start":{"line":14,"column":4},"end":{"line":14,"column":47}},"2":{"start":{"line":18,"column":4},"end":{"line":18,"column":32}},"3":{"start":{"line":22,"column":27},"end":{"line":26,"column":1}},"4":{"start":{"line":23,"column":2},"end":{"line":25,"column":4}},"5":{"start":{"line":24,"column":32},"end":{"line":24,"column":66}},"6":{"start":{"line":28,"column":0},"end":{"line":31,"column":2}}},"fnMap":{"0":{"name":"(anonymous_0)","decl":{"start":{"line":12,"column":2},"end":{"line":12,"column":3}},"loc":{"start":{"line":12,"column":21},"end":{"line":15,"column":3}},"line":12},"1":{"name":"(anonymous_1)","decl":{"start":{"line":17,"column":2},"end":{"line":17,"column":3}},"loc":{"start":{"line":17,"column":11},"end":{"line":19,"column":3}},"line":17},"2":{"name":"(anonymous_2)","decl":{"start":{"line":22,"column":27},"end":{"line":22,"column":28}},"loc":{"start":{"line":22,"column":39},"end":{"line":26,"column":1}},"line":22},"3":{"name":"(anonymous_3)","decl":{"start":{"line":24,"column":23},"end":{"line":24,"column":24}},"loc":{"start":{"line":24,"column":32},"end":{"line":24,"column":66}},"line":24}},"branchMap":{},"s":{"0":2,"1":2,"2":2,"3":1,"4":2,"5":2,"6":1},"f":{"0":2,"1":2,"2":2,"3":2},"b":{},"_coverageSchema":"43e27e138ebf9cfc5966b082cf9a028302ed4184","hash":"2997d01fd622b22c056da406ee772f2d5a1880bd"}
,"/home/ubuntu/o2xp/react-datatable/src/components/DatatableCore/Body.js": {"path":"/home/ubuntu/o2xp/react-datatable/src/components/DatatableCore/Body.js","statementMap":{"0":{"start":{"line":8,"column":4},"end":{"line":8,"column":17}},"1":{"start":{"line":9,"column":4},"end":{"line":9,"column":20}},"2":{"start":{"line":13,"column":21},"end":{"line":13,"column":31}},"3":{"start":{"line":14,"column":4},"end":{"line":31,"column":6}},"4":{"start":{"line":17,"column":10},"end":{"line":28,"column":21}},"5":{"start":{"line":19,"column":14},"end":{"line":26,"column":26}},"6":{"start":{"line":35,"column":0},"end":{"line":37,"column":2}},"7":{"start":{"line":39,"column":24},"end":{"line":43,"column":1}},"8":{"start":{"line":40,"column":2},"end":{"line":42,"column":4}}},"fnMap":{"0":{"name":"(anonymous_0)","decl":{"start":{"line":7,"column":2},"end":{"line":7,"column":3}},"loc":{"start":{"line":7,"column":21},"end":{"line":10,"column":3}},"line":7},"1":{"name":"(anonymous_1)","decl":{"start":{"line":12,"column":2},"end":{"line":12,"column":3}},"loc":{"start":{"line":12,"column":11},"end":{"line":32,"column":3}},"line":12},"2":{"name":"(anonymous_2)","decl":{"start":{"line":16,"column":18},"end":{"line":16,"column":19}},"loc":{"start":{"line":17,"column":10},"end":{"line":28,"column":21}},"line":17},"3":{"name":"(anonymous_3)","decl":{"start":{"line":18,"column":34},"end":{"line":18,"column":35}},"loc":{"start":{"line":19,"column":14},"end":{"line":26,"column":26}},"line":19},"4":{"name":"(anonymous_4)","decl":{"start":{"line":39,"column":24},"end":{"line":39,"column":25}},"loc":{"start":{"line":39,"column":33},"end":{"line":43,"column":1}},"line":39}},"branchMap":{"0":{"loc":{"start":{"line":21,"column":23},"end":{"line":21,"column":48}},"type":"cond-expr","locations":[{"start":{"line":21,"column":32},"end":{"line":21,"column":39}},{"start":{"line":21,"column":42},"end":{"line":21,"column":48}}],"line":21},"1":{"loc":{"start":{"line":22,"column":27},"end":{"line":22,"column":54}},"type":"cond-expr","locations":[{"start":{"line":22,"column":38},"end":{"line":22,"column":42}},{"start":{"line":22,"column":45},"end":{"line":22,"column":54}}],"line":22},"2":{"loc":{"start":{"line":23,"column":23},"end":{"line":23,"column":51}},"type":"cond-expr","locations":[{"start":{"line":23,"column":34},"end":{"line":23,"column":39}},{"start":{"line":23,"column":42},"end":{"line":23,"column":51}}],"line":23}},"s":{"0":3,"1":3,"2":3,"3":3,"4":9,"5":45,"6":3,"7":3,"8":3},"f":{"0":3,"1":3,"2":9,"3":45,"4":3},"b":{"0":[36,9],"1":[9,36],"2":[9,36]},"_coverageSchema":"43e27e138ebf9cfc5966b082cf9a028302ed4184","hash":"537e7095aa6572af8b0b68b16c9a409402e2b336"}
,"/home/ubuntu/o2xp/react-datatable/src/components/DatatableCore/Header.js": {"path":"/home/ubuntu/o2xp/react-datatable/src/components/DatatableCore/Header.js","statementMap":{"0":{"start":{"line":8,"column":4},"end":{"line":8,"column":17}},"1":{"start":{"line":9,"column":4},"end":{"line":9,"column":20}},"2":{"start":{"line":13,"column":24},"end":{"line":13,"column":34}},"3":{"start":{"line":14,"column":4},"end":{"line":24,"column":6}},"4":{"start":{"line":18,"column":12},"end":{"line":20,"column":24}},"5":{"start":{"line":28,"column":0},"end":{"line":30,"column":2}},"6":{"start":{"line":32,"column":24},"end":{"line":36,"column":1}},"7":{"start":{"line":33,"column":2},"end":{"line":35,"column":4}}},"fnMap":{"0":{"name":"(anonymous_0)","decl":{"start":{"line":7,"column":2},"end":{"line":7,"column":3}},"loc":{"start":{"line":7,"column":21},"end":{"line":10,"column":3}},"line":7},"1":{"name":"(anonymous_1)","decl":{"start":{"line":12,"column":2},"end":{"line":12,"column":3}},"loc":{"start":{"line":12,"column":11},"end":{"line":25,"column":3}},"line":12},"2":{"name":"(anonymous_2)","decl":{"start":{"line":17,"column":23},"end":{"line":17,"column":24}},"loc":{"start":{"line":18,"column":12},"end":{"line":20,"column":24}},"line":18},"3":{"name":"(anonymous_3)","decl":{"start":{"line":32,"column":24},"end":{"line":32,"column":25}},"loc":{"start":{"line":32,"column":33},"end":{"line":36,"column":1}},"line":32}},"branchMap":{"0":{"loc":{"start":{"line":18,"column":46},"end":{"line":18,"column":73}},"type":"cond-expr","locations":[{"start":{"line":18,"column":57},"end":{"line":18,"column":63}},{"start":{"line":18,"column":66},"end":{"line":18,"column":73}}],"line":18}},"s":{"0":3,"1":3,"2":3,"3":3,"4":15,"5":3,"6":3,"7":3},"f":{"0":3,"1":3,"2":15,"3":3},"b":{"0":[3,12]},"_coverageSchema":"43e27e138ebf9cfc5966b082cf9a028302ed4184","hash":"4f4510d5c4b8f3c03abd1733602080ccfbb8ac6e"}
,"/home/ubuntu/o2xp/react-datatable/src/components/proptypes/proptypes.js": {"path":"/home/ubuntu/o2xp/react-datatable/src/components/proptypes/proptypes.js","statementMap":{"0":{"start":{"line":3,"column":41},"end":{"line":3,"column":66}},"1":{"start":{"line":4,"column":54},"end":{"line":4,"column":79}},"2":{"start":{"line":7,"column":29},"end":{"line":7,"column":56}},"3":{"start":{"line":8,"column":29},"end":{"line":8,"column":56}},"4":{"start":{"line":9,"column":30},"end":{"line":9,"column":57}},"5":{"start":{"line":10,"column":33},"end":{"line":10,"column":60}},"6":{"start":{"line":11,"column":28},"end":{"line":11,"column":44}},"7":{"start":{"line":12,"column":26},"end":{"line":12,"column":53}},"8":{"start":{"line":13,"column":29},"end":{"line":13,"column":56}},"9":{"start":{"line":14,"column":31},"end":{"line":14,"column":58}},"10":{"start":{"line":15,"column":32},"end":{"line":15,"column":49}},"11":{"start":{"line":16,"column":32},"end":{"line":16,"column":48}},"12":{"start":{"line":17,"column":33},"end":{"line":17,"column":49}},"13":{"start":{"line":18,"column":34},"end":{"line":18,"column":50}},"14":{"start":{"line":19,"column":30},"end":{"line":19,"column":45}},"15":{"start":{"line":20,"column":32},"end":{"line":20,"column":49}},"16":{"start":{"line":21,"column":41},"end":{"line":21,"column":55}},"17":{"start":{"line":22,"column":28},"end":{"line":22,"column":63}},"18":{"start":{"line":23,"column":31},"end":{"line":23,"column":48}},"19":{"start":{"line":24,"column":32},"end":{"line":24,"column":49}},"20":{"start":{"line":25,"column":35},"end":{"line":25,"column":52}},"21":{"start":{"line":26,"column":33},"end":{"line":26,"column":50}},"22":{"start":{"line":27,"column":38},"end":{"line":27,"column":55}},"23":{"start":{"line":28,"column":40},"end":{"line":28,"column":57}},"24":{"start":{"line":29,"column":48},"end":{"line":29,"column":65}},"25":{"start":{"line":30,"column":36},"end":{"line":30,"column":71}},"26":{"start":{"line":31,"column":39},"end":{"line":31,"column":56}},"27":{"start":{"line":32,"column":33},"end":{"line":32,"column":68}},"28":{"start":{"line":33,"column":32},"end":{"line":33,"column":48}},"29":{"start":{"line":34,"column":38},"end":{"line":34,"column":55}},"30":{"start":{"line":35,"column":38},"end":{"line":35,"column":55}},"31":{"start":{"line":36,"column":37},"end":{"line":36,"column":54}},"32":{"start":{"line":37,"column":31},"end":{"line":37,"column":47}},"33":{"start":{"line":38,"column":28},"end":{"line":38,"column":56}},"34":{"start":{"line":39,"column":32},"end":{"line":39,"column":48}},"35":{"start":{"line":40,"column":31},"end":{"line":40,"column":56}},"36":{"start":{"line":41,"column":38},"end":{"line":41,"column":55}},"37":{"start":{"line":42,"column":38},"end":{"line":42,"column":55}},"38":{"start":{"line":44,"column":33},"end":{"line":46,"column":2}},"39":{"start":{"line":48,"column":30},"end":{"line":50,"column":2}},"40":{"start":{"line":52,"column":28},"end":{"line":54,"column":2}},"41":{"start":{"line":56,"column":27},"end":{"line":58,"column":2}},"42":{"start":{"line":60,"column":34},"end":{"line":65,"column":2}},"43":{"start":{"line":67,"column":31},"end":{"line":80,"column":12}},"44":{"start":{"line":82,"column":28},"end":{"line":85,"column":13}},"45":{"start":{"line":87,"column":41},"end":{"line":90,"column":2}},"46":{"start":{"line":92,"column":35},"end":{"line":95,"column":2}},"47":{"start":{"line":97,"column":33},"end":{"line":101,"column":2}},"48":{"start":{"line":103,"column":39},"end":{"line":108,"column":2}},"49":{"start":{"line":110,"column":38},"end":{"line":115,"column":2}},"50":{"start":{"line":117,"column":32},"end":{"line":130,"column":2}},"51":{"start":{"line":132,"column":31},"end":{"line":139,"column":2}}},"fnMap":{},"branchMap":{},"s":{"0":4,"1":4,"2":4,"3":4,"4":4,"5":4,"6":4,"7":4,"8":4,"9":4,"10":4,"11":4,"12":4,"13":4,"14":4,"15":4,"16":4,"17":4,"18":4,"19":4,"20":4,"21":4,"22":4,"23":4,"24":4,"25":4,"26":4,"27":4,"28":4,"29":4,"30":4,"31":4,"32":4,"33":4,"34":4,"35":4,"36":4,"37":4,"38":4,"39":4,"40":4,"41":4,"42":4,"43":4,"44":4,"45":4,"46":4,"47":4,"48":4,"49":4,"50":4,"51":4},"f":{},"b":{},"_coverageSchema":"43e27e138ebf9cfc5966b082cf9a028302ed4184","hash":"edcb9469788f99e4c349016e2558d05f9c1d484c"}
,"/home/ubuntu/o2xp/react-datatable/src/redux/actions/componentActions.js": {"path":"/home/ubuntu/o2xp/react-datatable/src/redux/actions/componentActions.js","statementMap":{"0":{"start":{"line":1,"column":46},"end":{"line":4,"column":2}},"1":{"start":{"line":1,"column":58},"end":{"line":4,"column":1}},"2":{"start":{"line":6,"column":42},"end":{"line":9,"column":2}},"3":{"start":{"line":6,"column":54},"end":{"line":9,"column":1}}},"fnMap":{"0":{"name":"(anonymous_0)","decl":{"start":{"line":1,"column":46},"end":{"line":1,"column":47}},"loc":{"start":{"line":1,"column":58},"end":{"line":4,"column":1}},"line":1},"1":{"name":"(anonymous_1)","decl":{"start":{"line":6,"column":42},"end":{"line":6,"column":43}},"loc":{"start":{"line":6,"column":54},"end":{"line":9,"column":1}},"line":6}},"branchMap":{},"s":{"0":2,"1":1,"2":2,"3":1},"f":{"0":1,"1":1},"b":{},"_coverageSchema":"43e27e138ebf9cfc5966b082cf9a028302ed4184","hash":"0fb40a78886764fe221089cd0f8aa748a3c81234"}
,"/home/ubuntu/o2xp/react-datatable/src/redux/actions/datatableActions.js": {"path":"/home/ubuntu/o2xp/react-datatable/src/redux/actions/datatableActions.js","statementMap":{"0":{"start":{"line":1,"column":33},"end":{"line":4,"column":2}},"1":{"start":{"line":1,"column":45},"end":{"line":4,"column":1}},"2":{"start":{"line":6,"column":29},"end":{"line":9,"column":2}},"3":{"start":{"line":6,"column":41},"end":{"line":9,"column":1}}},"fnMap":{"0":{"name":"(anonymous_0)","decl":{"start":{"line":1,"column":33},"end":{"line":1,"column":34}},"loc":{"start":{"line":1,"column":45},"end":{"line":4,"column":1}},"line":1},"1":{"name":"(anonymous_1)","decl":{"start":{"line":6,"column":29},"end":{"line":6,"column":30}},"loc":{"start":{"line":6,"column":41},"end":{"line":9,"column":1}},"line":6}},"branchMap":{},"s":{"0":2,"1":3,"2":2,"3":1},"f":{"0":3,"1":1},"b":{},"_coverageSchema":"43e27e138ebf9cfc5966b082cf9a028302ed4184","hash":"1429c37e53d67cc771a4a35e277ec0f5fdaf2601"}
,"/home/ubuntu/o2xp/react-datatable/src/redux/reducers/componentReducer.js": {"path":"/home/ubuntu/o2xp/react-datatable/src/redux/reducers/componentReducer.js","statementMap":{"0":{"start":{"line":1,"column":21},"end":{"line":5,"column":1}},"1":{"start":{"line":7,"column":25},"end":{"line":12,"column":1}},"2":{"start":{"line":8,"column":2},"end":{"line":11,"column":3}},"3":{"start":{"line":10,"column":6},"end":{"line":10,"column":19}}},"fnMap":{"0":{"name":"(anonymous_0)","decl":{"start":{"line":7,"column":25},"end":{"line":7,"column":26}},"loc":{"start":{"line":7,"column":59},"end":{"line":12,"column":1}},"line":7}},"branchMap":{"0":{"loc":{"start":{"line":7,"column":26},"end":{"line":7,"column":46}},"type":"default-arg","locations":[{"start":{"line":7,"column":34},"end":{"line":7,"column":46}}],"line":7},"1":{"loc":{"start":{"line":8,"column":2},"end":{"line":11,"column":3}},"type":"switch","locations":[{"start":{"line":9,"column":4},"end":{"line":10,"column":19}}],"line":8}},"s":{"0":1,"1":1,"2":1,"3":1},"f":{"0":1},"b":{"0":[1],"1":[1]},"_coverageSchema":"43e27e138ebf9cfc5966b082cf9a028302ed4184","hash":"7253a0d979cfcfa3fea5b147a07f456a3c555ee3"}
,"/home/ubuntu/o2xp/react-datatable/src/redux/reducers/datatableReducer.js": {"path":"/home/ubuntu/o2xp/react-datatable/src/redux/reducers/datatableReducer.js","statementMap":{"0":{"start":{"line":3,"column":21},"end":{"line":49,"column":1}},"1":{"start":{"line":51,"column":23},"end":{"line":51,"column":69}},"2":{"start":{"line":51,"column":58},"end":{"line":51,"column":69}},"3":{"start":{"line":53,"column":25},"end":{"line":60,"column":1}},"4":{"start":{"line":54,"column":2},"end":{"line":59,"column":3}},"5":{"start":{"line":56,"column":6},"end":{"line":56,"column":78}},"6":{"start":{"line":58,"column":6},"end":{"line":58,"column":19}}},"fnMap":{"0":{"name":"(anonymous_0)","decl":{"start":{"line":51,"column":23},"end":{"line":51,"column":24}},"loc":{"start":{"line":51,"column":58},"end":{"line":51,"column":69}},"line":51},"1":{"name":"(anonymous_1)","decl":{"start":{"line":53,"column":25},"end":{"line":53,"column":26}},"loc":{"start":{"line":53,"column":59},"end":{"line":60,"column":1}},"line":53}},"branchMap":{"0":{"loc":{"start":{"line":53,"column":26},"end":{"line":53,"column":46}},"type":"default-arg","locations":[{"start":{"line":53,"column":34},"end":{"line":53,"column":46}}],"line":53},"1":{"loc":{"start":{"line":54,"column":2},"end":{"line":59,"column":3}},"type":"switch","locations":[{"start":{"line":55,"column":4},"end":{"line":56,"column":78}},{"start":{"line":57,"column":4},"end":{"line":58,"column":19}}],"line":54}},"s":{"0":1,"1":1,"2":45,"3":1,"4":4,"5":3,"6":1},"f":{"0":45,"1":4},"b":{"0":[4],"1":[3,1]},"_coverageSchema":"43e27e138ebf9cfc5966b082cf9a028302ed4184","hash":"d1d7756f2dd22d30da8a786f7a548b5c9579e796"}
,"/home/ubuntu/o2xp/react-datatable/src/redux/reducers/reducers.js": {"path":"/home/ubuntu/o2xp/react-datatable/src/redux/reducers/reducers.js","statementMap":{},"fnMap":{},"branchMap":{},"s":{},"f":{},"b":{}}
}
