TN:
SF:/home/ubuntu/o2xp/react-datatable/src/index.js
FN:6,(anonymous_0)
FN:12,(anonymous_1)
FN:15,(anonymous_2)
FNF:3
FNH:0
FNDA:0,(anonymous_0)
FNDA:0,(anonymous_1)
FNDA:0,(anonymous_2)
DA:6,0
DA:11,0
DA:13,0
DA:16,0
DA:17,0
LF:5
LH:0
BRDA:7,0,0,0
BRDA:8,1,0,0
BRDA:9,2,0,0
BRF:3
BRH:0
end_of_record
TN:
SF:/home/ubuntu/o2xp/react-datatable/src/components/DatatableBuilder.js
FN:9,(anonymous_0)
FN:31,(anonymous_1)
FNF:2
FNH:2
FNDA:4,(anonymous_0)
FNDA:4,(anonymous_1)
DA:10,4
DA:11,4
DA:27,2
DA:31,2
DA:32,4
LF:5
LH:5
BRDA:13,0,0,4
BRDA:13,0,1,2
BRDA:13,0,2,2
BRDA:19,1,0,4
BRDA:19,1,1,2
BRDA:19,1,2,2
BRF:6
BRH:6
end_of_record
TN:
SF:/home/ubuntu/o2xp/react-datatable/src/components/DatatableInitializer.js
FN:12,(anonymous_0)
FN:17,(anonymous_1)
FN:22,(anonymous_2)
FN:24,(anonymous_3)
FNF:4
FNH:4
FNDA:2,(anonymous_0)
FNDA:2,(anonymous_1)
FNDA:2,(anonymous_2)
FNDA:2,(anonymous_3)
DA:13,2
DA:14,2
DA:18,2
DA:22,1
DA:23,2
DA:24,2
DA:28,1
LF:7
LH:7
BRF:0
BRH:0
end_of_record
TN:
SF:/home/ubuntu/o2xp/react-datatable/src/components/DatatableCore/Body.js
FN:7,(anonymous_0)
FN:12,(anonymous_1)
FN:16,(anonymous_2)
FN:18,(anonymous_3)
FN:39,(anonymous_4)
FNF:5
FNH:5
FNDA:3,(anonymous_0)
FNDA:3,(anonymous_1)
FNDA:9,(anonymous_2)
FNDA:45,(anonymous_3)
FNDA:3,(anonymous_4)
DA:8,3
DA:9,3
DA:13,3
DA:14,3
DA:17,9
DA:19,45
DA:35,3
DA:39,3
DA:40,3
LF:9
LH:9
BRDA:21,0,0,36
BRDA:21,0,1,9
BRDA:22,1,0,9
BRDA:22,1,1,36
BRDA:23,2,0,9
BRDA:23,2,1,36
BRF:6
BRH:6
end_of_record
TN:
SF:/home/ubuntu/o2xp/react-datatable/src/components/DatatableCore/Header.js
FN:7,(anonymous_0)
FN:12,(anonymous_1)
FN:17,(anonymous_2)
FN:32,(anonymous_3)
FNF:4
FNH:4
FNDA:3,(anonymous_0)
FNDA:3,(anonymous_1)
FNDA:15,(anonymous_2)
FNDA:3,(anonymous_3)
DA:8,3
DA:9,3
DA:13,3
DA:14,3
DA:18,15
DA:28,3
DA:32,3
DA:33,3
LF:8
LH:8
BRDA:18,0,0,3
BRDA:18,0,1,12
BRF:2
BRH:2
end_of_record
TN:
SF:/home/ubuntu/o2xp/react-datatable/src/components/proptypes/proptypes.js
FNF:0
FNH:0
DA:3,4
DA:4,4
DA:7,4
DA:8,4
DA:9,4
DA:10,4
DA:11,4
DA:12,4
DA:13,4
DA:14,4
DA:15,4
DA:16,4
DA:17,4
DA:18,4
DA:19,4
DA:20,4
DA:21,4
DA:22,4
DA:23,4
DA:24,4
DA:25,4
DA:26,4
DA:27,4
DA:28,4
DA:29,4
DA:30,4
DA:31,4
DA:32,4
DA:33,4
DA:34,4
DA:35,4
DA:36,4
DA:37,4
DA:38,4
DA:39,4
DA:40,4
DA:41,4
DA:42,4
DA:44,4
DA:48,4
DA:52,4
DA:56,4
DA:60,4
DA:67,4
DA:82,4
DA:87,4
DA:92,4
DA:97,4
DA:103,4
DA:110,4
DA:117,4
DA:132,4
LF:52
LH:52
BRF:0
BRH:0
end_of_record
TN:
SF:/home/ubuntu/o2xp/react-datatable/src/redux/actions/componentActions.js
FN:1,(anonymous_0)
FN:6,(anonymous_1)
FNF:2
FNH:2
FNDA:1,(anonymous_0)
FNDA:1,(anonymous_1)
DA:1,2
DA:6,2
LF:2
LH:2
BRF:0
BRH:0
end_of_record
TN:
SF:/home/ubuntu/o2xp/react-datatable/src/redux/actions/datatableActions.js
FN:1,(anonymous_0)
FN:6,(anonymous_1)
FNF:2
FNH:2
FNDA:3,(anonymous_0)
FNDA:1,(anonymous_1)
DA:1,3
DA:6,2
LF:2
LH:2
BRF:0
BRH:0
end_of_record
TN:
SF:/home/ubuntu/o2xp/react-datatable/src/redux/reducers/componentReducer.js
FN:7,(anonymous_0)
FNF:1
FNH:1
FNDA:1,(anonymous_0)
DA:1,1
DA:7,1
DA:8,1
DA:10,1
LF:4
LH:4
BRDA:7,0,0,1
BRDA:8,1,0,1
BRF:2
BRH:2
end_of_record
TN:
SF:/home/ubuntu/o2xp/react-datatable/src/redux/reducers/datatableReducer.js
FN:51,(anonymous_0)
FN:53,(anonymous_1)
FNF:2
FNH:2
FNDA:45,(anonymous_0)
FNDA:4,(anonymous_1)
DA:3,1
DA:51,45
DA:53,1
DA:54,4
DA:56,3
DA:58,1
LF:6
LH:6
BRDA:53,0,0,4
BRDA:54,1,0,3
BRDA:54,1,1,1
BRF:3
BRH:3
end_of_record
TN:
SF:/home/ubuntu/o2xp/react-datatable/src/redux/reducers/reducers.js
FNF:0
FNH:0
LF:0
LH:0
BRF:0
BRH:0
end_of_record
